<?xml version="1.0" encoding="UTF-8"?>
<!-- Generated by org.testng.reporters.JUnitXMLReporter -->
<testsuite ignored="0" hostname="LAPTOP-B1MQ7VKA" failures="2" tests="2" name="Test" time="43.078" errors="0" timestamp="2021-06-28T12:16:10 IST">
  <testcase classname="com.qa.test.TC_PaytmMall" name="SearchItem" time="25.118">
    <failure type="java.lang.AssertionError" message="expected [true] but found [false]">
      <![CDATA[java.lang.AssertionError: expected [true] but found [false]
at com.qa.test.TC_PaytmMall.SearchItem(TC_PaytmMall.java:35)
at java.base/java.util.ArrayList.forEach(ArrayList.java:1511)
... Removed 31 stack frames]]>
    </failure>
  </testcase> <!-- SearchItem -->
  <testcase classname="com.qa.test.TC_PaytmMall" name="SearchItem" time="6.656">
    <failure type="java.lang.AssertionError" message="expected [true] but found [false]">
      <![CDATA[java.lang.AssertionError: expected [true] but found [false]
at com.qa.test.TC_PaytmMall.SearchItem(TC_PaytmMall.java:35)
at java.base/java.util.ArrayList.forEach(ArrayList.java:1511)
... Removed 31 stack frames]]>
    </failure>
  </testcase> <!-- SearchItem -->
</testsuite> <!-- Test -->
